14.7.2024, 19:51:10 - INFO - Req was made | / 
14.7.2024, 19:51:51 - INFO - Req was made | / 
14.7.2024, 19:52:50 - ERROR - while finding toy 6693f6b8c6d9a46bea00c230 | TypeError: Cannot read properties of null (reading '_id') 
14.7.2024, 19:52:50 - ERROR - Failed to get toy | TypeError: Cannot read properties of null (reading '_id') 
14.7.2024, 19:58:58 - INFO - Req was made | / 
14.7.2024, 19:59:11 - INFO - Req was made | / 
14.7.2024, 20:01:26 - INFO - Req was made | / 
14.7.2024, 20:03:13 - INFO - Req was made | / 
14.7.2024, 20:08:15 - INFO - Req was made | / 
14.7.2024, 20:08:21 - INFO - Req was made | / 
14.7.2024, 20:15:53 - INFO - server.js loaded... 
14.7.2024, 20:16:07 - INFO - server.js loaded... 
14.7.2024, 20:16:13 - INFO - Req was made | / 
14.7.2024, 20:22:55 - INFO - Req was made | / 
14.7.2024, 20:22:55 - INFO - Req was made | / 
14.7.2024, 20:22:55 - INFO - Req was made | / 
14.7.2024, 20:27:14 - INFO - server.js loaded... 
14.7.2024, 20:27:20 - INFO - Req was made | / 
14.7.2024, 20:27:26 - INFO - Req was made | / 
14.7.2024, 20:27:26 - INFO - Req was made | / 
14.7.2024, 20:27:26 - INFO - Req was made | / 
14.7.2024, 20:27:51 - INFO - server.js loaded... 
14.7.2024, 20:27:54 - INFO - Req was made | / 
14.7.2024, 20:27:54 - INFO - Req was made | / 
14.7.2024, 20:27:54 - INFO - Req was made | / 
14.7.2024, 20:28:01 - INFO - server.js loaded... 
14.7.2024, 20:28:04 - INFO - Req was made | / 
14.7.2024, 20:28:15 - INFO - Req was made | / 
14.7.2024, 20:28:15 - INFO - Req was made | / 
14.7.2024, 20:28:16 - INFO - Req was made | / 
14.7.2024, 20:29:02 - INFO - server.js loaded... 
14.7.2024, 20:29:02 - INFO - Req was made | / 
14.7.2024, 20:29:02 - INFO - Req was made | / 
14.7.2024, 20:29:02 - INFO - Req was made | / 
14.7.2024, 20:29:26 - INFO - Req was made | / 
14.7.2024, 20:30:11 - INFO - Req was made | / 
14.7.2024, 20:30:11 - INFO - Req was made | / 
14.7.2024, 20:30:12 - INFO - Req was made | / 
14.7.2024, 20:30:28 - INFO - Req was made | / 
14.7.2024, 20:30:28 - INFO - Req was made | / 
14.7.2024, 20:30:29 - INFO - Req was made | / 
14.7.2024, 20:34:59 - INFO - Req was made | / 
14.7.2024, 20:35:00 - INFO - Req was made | / 
14.7.2024, 20:35:01 - INFO - Req was made | / 
14.7.2024, 20:35:02 - INFO - Req was made | / 
14.7.2024, 20:37:46 - INFO - Req was made | / 
15.7.2024, 0:01:18 - INFO - Req was made | / 
15.7.2024, 0:01:18 - INFO - Req was made | / 
15.7.2024, 0:01:18 - INFO - Req was made | / 
15.7.2024, 0:01:26 - DEBUG - auth.service - login with username: omri 
15.7.2024, 0:01:26 - ERROR - Failed to Login Error: Invalid username or password 
15.7.2024, 0:01:33 - DEBUG - auth.service - signup with username: omri, fullname: Omri Nadav 
15.7.2024, 0:01:33 - DEBUG - auth.route - new account created: {"username":"omri","password":"$2b$10$.RX4bRH1MxW4522MDx7sv.oTUCpl6IFW6wBEdNUikIu3Y2kH1DesK","fullname":"Omri Nadav","score":0,"_id":"66943cad003e42956f14b0e7"} 
15.7.2024, 0:01:33 - DEBUG - auth.service - login with username: omri 
15.7.2024, 0:01:41 - INFO - Req was made | / 
15.7.2024, 0:01:55 - INFO - Req was made | / 
15.7.2024, 0:01:55 - INFO - Req was made | / 
15.7.2024, 0:01:56 - INFO - Req was made | / 
15.7.2024, 0:02:05 - INFO - Req was made | / 
15.7.2024, 0:02:05 - INFO - Req was made | / 
15.7.2024, 0:02:05 - INFO - Req was made | / 
15.7.2024, 0:02:06 - INFO - Req was made | / 
15.7.2024, 0:02:24 - INFO - Req was made | / 
15.7.2024, 0:02:24 - INFO - Req was made | / 
15.7.2024, 0:02:25 - INFO - Req was made | / 
15.7.2024, 0:02:31 - INFO - Req was made | / 
15.7.2024, 0:02:32 - INFO - Req was made | / 
15.7.2024, 0:02:33 - INFO - Req was made | / 
15.7.2024, 0:02:34 - INFO - Req was made | / 
15.7.2024, 0:02:35 - INFO - Req was made | / 
15.7.2024, 0:02:38 - INFO - Req was made | / 
15.7.2024, 0:02:38 - INFO - Req was made | / 
15.7.2024, 0:02:38 - INFO - Req was made | / 
15.7.2024, 0:02:41 - INFO - Req was made | / 
15.7.2024, 0:02:42 - INFO - Req was made | / 
15.7.2024, 0:02:43 - INFO - Req was made | / 
15.7.2024, 0:02:44 - INFO - Req was made | / 
15.7.2024, 0:02:45 - INFO - Req was made | / 
15.7.2024, 0:02:46 - INFO - Req was made | / 
15.7.2024, 0:02:47 - INFO - Req was made | / 
15.7.2024, 0:03:30 - INFO - Req was made | / 
15.7.2024, 0:03:30 - INFO - Req was made | / 
15.7.2024, 0:03:30 - INFO - Req was made | / 
15.7.2024, 0:05:57 - INFO - Req was made | / 
15.7.2024, 0:05:57 - INFO - Req was made | / 
15.7.2024, 0:05:57 - INFO - Req was made | / 
15.7.2024, 0:06:21 - INFO - Req was made | / 
15.7.2024, 0:06:21 - INFO - Req was made | / 
15.7.2024, 0:06:21 - INFO - Req was made | / 
15.7.2024, 0:06:27 - INFO - Req was made | / 
15.7.2024, 0:06:28 - INFO - Req was made | / 
15.7.2024, 0:06:29 - INFO - Req was made | / 
15.7.2024, 0:06:30 - INFO - Req was made | / 
15.7.2024, 0:06:44 - INFO - Req was made | / 
15.7.2024, 0:06:44 - INFO - Req was made | / 
15.7.2024, 0:06:44 - INFO - Req was made | / 
15.7.2024, 0:06:45 - INFO - Req was made | / 
15.7.2024, 0:07:42 - INFO - Req was made | / 
15.7.2024, 0:07:49 - INFO - Req was made | / 
15.7.2024, 0:08:45 - DEBUG - auth.service - login with username: omri 
15.7.2024, 0:08:45 - INFO - User login:  | {"_id":"66943cad003e42956f14b0e7","username":"omri","fullname":"Omri Nadav","isAdmin":true} 
15.7.2024, 0:10:11 - INFO - Req was made | / 
15.7.2024, 0:10:11 - INFO - Req was made | / 
15.7.2024, 0:10:12 - INFO - Req was made | / 
15.7.2024, 0:10:19 - DEBUG - auth.service - login with username: omri 
15.7.2024, 0:10:19 - INFO - User login:  | {"_id":"66943cad003e42956f14b0e7","username":"omri","fullname":"Omri Nadav","isAdmin":true} 
15.7.2024, 0:10:33 - INFO - Req was made | / 
15.7.2024, 0:10:33 - INFO - Req was made | / 
15.7.2024, 0:10:34 - INFO - Req was made | / 
15.7.2024, 0:11:06 - DEBUG - auth.service - signup with username: omriki, fullname: omrikiki 
15.7.2024, 0:11:06 - DEBUG - auth.route - new account created: {"username":"omriki","password":"$2b$10$Kcv5Lkw5MIelB/K6GYgv0.nlxYuSKRAX0e1Bv1QDO7rzpC5zJyC16","fullname":"omrikiki","":0,"_id":"66943eea003e42956f14b0ea"} 
15.7.2024, 0:11:06 - DEBUG - auth.service - login with username: omriki 
15.7.2024, 0:12:22 - INFO - Req was made | / 
15.7.2024, 0:12:31 - INFO - Req was made | / 
15.7.2024, 0:12:31 - INFO - Req was made | / 
15.7.2024, 0:12:32 - INFO - Req was made | / 
15.7.2024, 0:12:38 - DEBUG - auth.service - login with username: sharon 
15.7.2024, 0:12:38 - ERROR - Failed to Login Error: Invalid username or password 
15.7.2024, 0:12:47 - DEBUG - auth.service - signup with username: sharon, fullname: sharon shori 
15.7.2024, 0:12:47 - DEBUG - auth.route - new account created: {"username":"sharon","password":"$2b$10$yyn1Ty8vl0AdgwbmgIpUJuQH4JXZFqME8MV1VmKrGnzrGvn0Oetf.","fullname":"sharon shori","score":0,"_id":"66943f4f003e42956f14b0eb"} 
15.7.2024, 0:12:47 - DEBUG - auth.service - login with username: sharon 
15.7.2024, 0:13:47 - INFO - Req was made | / 
15.7.2024, 0:13:58 - DEBUG - auth.service - signup with username: puki , fullname: puki ma 
15.7.2024, 0:13:59 - DEBUG - auth.route - new account created: {"username":"puki ","password":"$2b$10$eY99H4qdaK0N0b5NmtPjaelJwq1ItCK0G6L/GZOaXgpTW7DJ0bdTa","fullname":"puki ma","score":0,"_id":"66943f97003e42956f14b0ec"} 
15.7.2024, 0:13:59 - DEBUG - auth.service - login with username: puki  
15.7.2024, 0:15:44 - INFO - server.js loaded... 
15.7.2024, 0:16:00 - INFO - server.js loaded... 
15.7.2024, 0:16:29 - DEBUG - auth.service - signup with username: muki , fullname: muki ma 
15.7.2024, 0:16:29 - DEBUG - auth.route - new account created: {"username":"muki ","password":"$2b$10$JRsoJApjOr6JmwqUZW7/l.YePhZguyhHQUBf/ChqoHR29AXSa5PX.","fullname":"muki ma","isAdmin":false,"_id":"6694402db746f160d0e93f59"} 
15.7.2024, 0:16:29 - DEBUG - auth.service - login with username: muki  
15.7.2024, 0:19:11 - INFO - server.js loaded... 
15.7.2024, 8:37:49 - INFO - server.js loaded... 
15.7.2024, 8:38:19 - INFO - Req was made | / 
15.7.2024, 8:38:19 - INFO - Req was made | / 
15.7.2024, 8:38:19 - INFO - Req was made | / 
15.7.2024, 8:38:22 - INFO - Req was made | / 
15.7.2024, 8:41:28 - INFO - Req was made | / 
15.7.2024, 9:04:58 - INFO - Req was made | / 
15.7.2024, 9:04:58 - INFO - Req was made | / 
15.7.2024, 9:04:58 - INFO - Req was made | / 
15.7.2024, 9:05:05 - INFO - Req was made | / 
15.7.2024, 9:07:59 - INFO - Req was made | / 
15.7.2024, 9:08:06 - INFO - Req was made | / 
15.7.2024, 9:08:06 - INFO - Req was made | / 
15.7.2024, 9:08:06 - INFO - Req was made | / 
15.7.2024, 9:09:04 - INFO - Req was made | / 
15.7.2024, 9:09:04 - INFO - Req was made | / 
15.7.2024, 9:09:04 - INFO - Req was made | / 
15.7.2024, 9:09:12 - INFO - Req was made | / 
15.7.2024, 9:09:12 - INFO - Req was made | / 
15.7.2024, 9:09:13 - INFO - Req was made | / 
15.7.2024, 9:19:54 - INFO - Req was made | / 
15.7.2024, 9:20:05 - INFO - Req was made | / 
15.7.2024, 9:20:05 - INFO - Req was made | / 
15.7.2024, 9:20:05 - INFO - Req was made | / 
15.7.2024, 9:21:05 - INFO - Req was made | / 
15.7.2024, 9:21:05 - INFO - Req was made | / 
15.7.2024, 9:21:05 - INFO - Req was made | / 
15.7.2024, 13:47:18 - INFO - Req was made | / 
15.7.2024, 13:47:18 - INFO - Req was made | / 
15.7.2024, 13:47:19 - INFO - Req was made | / 
15.7.2024, 13:47:24 - INFO - server.js loaded... 
15.7.2024, 13:47:25 - INFO - Req was made | / 
15.7.2024, 13:47:25 - INFO - Req was made | / 
15.7.2024, 13:47:25 - INFO - Req was made | / 
15.7.2024, 13:47:42 - DEBUG - auth.service - signup with username: papa, fullname: papapaap 
15.7.2024, 13:47:42 - DEBUG - auth.service - login with username: papa 
15.7.2024, 13:47:42 - DEBUG - auth.route - new account created: {"username":"papa","password":"$2b$10$aH5uBl4AE0eJozZHE.WstOtxwMsxN80wGY6cszsxM7cV0eWiUJF.m","fullname":"papapaap","isAdmin":false,"_id":"6694fe4e861e0d71e314bb9a"} 
15.7.2024, 13:48:26 - INFO - server.js loaded... 
15.7.2024, 13:48:27 - INFO - Req was made | / 
15.7.2024, 13:48:27 - INFO - Req was made | / 
15.7.2024, 13:48:27 - INFO - Req was made | / 
15.7.2024, 13:48:32 - INFO - Req was made | / 
15.7.2024, 15:12:25 - INFO - server.js loaded... 
15.7.2024, 15:12:30 - INFO - Req was made | / 
15.7.2024, 15:12:32 - INFO - Req was made | / 
15.7.2024, 15:12:33 - INFO - Req was made | / 
15.7.2024, 15:12:36 - INFO - Req was made | / 
15.7.2024, 15:12:37 - INFO - Req was made | / 
15.7.2024, 15:12:38 - INFO - Req was made | / 
15.7.2024, 15:12:54 - INFO - Req was made | / 
15.7.2024, 15:12:56 - INFO - Req was made | / 
15.7.2024, 15:14:05 - INFO - server.js loaded... 
15.7.2024, 15:14:09 - INFO - Req was made | / 
15.7.2024, 15:15:37 - INFO - server.js loaded... 
15.7.2024, 15:15:46 - DEBUG - Getting Toys with filterBy as: | {"txt":"","status":null,"labels":null} 
15.7.2024, 15:15:46 - INFO - Req was made | / 
15.7.2024, 15:20:06 - INFO - Req was made | / 
15.7.2024, 15:20:06 - DEBUG - Getting Toys with filterBy as: | {"txt":"","status":null,"labels":null} 
15.7.2024, 15:20:58 - INFO - Req was made | / 
15.7.2024, 15:20:58 - DEBUG - Getting Toys with filterBy as: | {"txt":"","status":null,"labels":null} 
15.7.2024, 15:20:58 - INFO - Req was made | / 
15.7.2024, 15:20:58 - DEBUG - Getting Toys with filterBy as: | {"txt":"","status":null,"labels":null} 
15.7.2024, 15:20:58 - INFO - Req was made | / 
15.7.2024, 15:20:58 - DEBUG - Getting Toys with filterBy as: | {"txt":"","status":null,"labels":null} 
15.7.2024, 15:21:01 - DEBUG - Getting Toys with filterBy as: | {"txt":"","status":null,"labels":null} 
15.7.2024, 15:21:01 - INFO - Req was made | / 
15.7.2024, 15:21:03 - INFO - Req was made | / 
15.7.2024, 15:21:03 - DEBUG - Getting Toys with filterBy as: | {"txt":"","status":null,"labels":null} 
15.7.2024, 15:25:33 - INFO - Req was made | / 
15.7.2024, 15:25:33 - DEBUG - Getting Toys with filterBy as: | {"txt":"","status":null,"labels":null} 
15.7.2024, 15:25:33 - INFO - Req was made | / 
15.7.2024, 15:25:33 - DEBUG - Getting Toys with filterBy as: | {"txt":"","status":null,"labels":null} 
15.7.2024, 15:25:34 - INFO - Req was made | / 
15.7.2024, 15:25:34 - DEBUG - Getting Toys with filterBy as: | {"txt":"","status":null,"labels":null} 
15.7.2024, 15:28:56 - INFO - Req was made | / 
15.7.2024, 15:28:56 - DEBUG - Getting Toys with filterBy as: | {"txt":"","status":null,"labels":null} 
15.7.2024, 15:34:07 - INFO - Req was made | / 
15.7.2024, 15:34:07 - DEBUG - Getting Toys with filterBy as: | {"txt":"","status":null,"labels":null} 
15.7.2024, 15:34:32 - INFO - Req was made | / 
15.7.2024, 15:34:32 - DEBUG - Getting Toys with filterBy as: | {"txt":"","status":null,"labels":null} 
15.7.2024, 15:35:29 - INFO - Req was made | / 
15.7.2024, 15:35:29 - DEBUG - Getting Toys with filterBy as: | {"txt":"","status":null,"labels":null} 
15.7.2024, 15:40:50 - INFO - Req was made | / 
15.7.2024, 15:40:50 - DEBUG - Getting Toys with filterBy as: | {"txt":"","status":null,"labels":null} 
15.7.2024, 15:40:51 - INFO - Req was made | / 
15.7.2024, 15:40:51 - DEBUG - Getting Toys with filterBy as: | {"txt":"","status":null,"labels":null} 
15.7.2024, 15:40:51 - INFO - Req was made | / 
15.7.2024, 15:40:51 - DEBUG - Getting Toys with filterBy as: | {"txt":"","status":null,"labels":null} 
15.7.2024, 15:41:30 - DEBUG - auth.service - login with username: omri 
15.7.2024, 15:41:30 - INFO - User login:  | {"_id":"66943cad003e42956f14b0e7","username":"omri","fullname":"Omri Nadav","isAdmin":true} 
15.7.2024, 15:41:51 - INFO - Req was made | / 
15.7.2024, 15:41:51 - DEBUG - Getting Toys with filterBy as: | {"txt":"","status":null,"labels":null} 
15.7.2024, 15:41:51 - DEBUG - Getting Toys with filterBy as: | {"txt":"","status":null,"labels":null} 
15.7.2024, 15:41:51 - INFO - Req was made | / 
15.7.2024, 15:41:51 - INFO - Req was made | / 
15.7.2024, 15:41:51 - DEBUG - Getting Toys with filterBy as: | {"txt":"","status":null,"labels":null} 
15.7.2024, 15:41:59 - INFO - Req was made | / 
15.7.2024, 15:41:59 - DEBUG - Getting Toys with filterBy as: | {"txt":"","status":null,"labels":null} 
15.7.2024, 15:41:59 - INFO - Req was made | / 
15.7.2024, 15:41:59 - DEBUG - Getting Toys with filterBy as: | {"txt":"","status":null,"labels":null} 
15.7.2024, 15:41:59 - INFO - Req was made | / 
15.7.2024, 15:41:59 - DEBUG - Getting Toys with filterBy as: | {"txt":"","status":null,"labels":null} 
15.7.2024, 15:42:04 - INFO - Req was made | / 
15.7.2024, 15:42:04 - DEBUG - Getting Toys with filterBy as: | {"txt":"","status":null,"labels":null} 
15.7.2024, 15:42:04 - INFO - Req was made | / 
15.7.2024, 15:42:04 - DEBUG - Getting Toys with filterBy as: | {"txt":"","status":null,"labels":null} 
15.7.2024, 15:42:04 - INFO - Req was made | / 
15.7.2024, 15:42:04 - DEBUG - Getting Toys with filterBy as: | {"txt":"","status":null,"labels":null} 
15.7.2024, 15:42:10 - ERROR - cannot remove toy msg undefined | BSONError: hex string must be 24 characters 
15.7.2024, 15:42:10 - ERROR - Failed to remove toy msg | BSONError: hex string must be 24 characters 
15.7.2024, 15:43:30 - ERROR - cannot remove toy msg undefined | BSONError: hex string must be 24 characters 
15.7.2024, 15:43:30 - ERROR - Failed to remove toy msg | BSONError: hex string must be 24 characters 
15.7.2024, 15:45:26 - INFO - server.js loaded... 
15.7.2024, 15:46:24 - ERROR - cannot remove toy msg undefined | BSONError: hex string must be 24 characters 
15.7.2024, 15:46:24 - ERROR - Failed to remove toy msg | BSONError: hex string must be 24 characters 
15.7.2024, 15:46:36 - INFO - Req was made | / 
15.7.2024, 15:46:36 - DEBUG - Getting Toys with filterBy as: | {"txt":"","status":null,"labels":null} 
15.7.2024, 15:46:36 - INFO - Req was made | / 
15.7.2024, 15:46:36 - DEBUG - Getting Toys with filterBy as: | {"txt":"","status":null,"labels":null} 
15.7.2024, 15:46:36 - DEBUG - Getting Toys with filterBy as: | {"txt":"","status":null,"labels":null} 
15.7.2024, 15:46:36 - INFO - Req was made | / 
15.7.2024, 15:46:40 - INFO - Req was made | / 
15.7.2024, 15:46:40 - DEBUG - Getting Toys with filterBy as: | {"txt":"","status":null,"labels":null} 
15.7.2024, 15:46:47 - INFO - Req was made | / 
15.7.2024, 15:46:47 - DEBUG - Getting Toys with filterBy as: | {"txt":"","status":null,"labels":null} 
15.7.2024, 15:46:48 - INFO - Req was made | / 
15.7.2024, 15:46:48 - DEBUG - Getting Toys with filterBy as: | {"txt":"","status":null,"labels":null} 
15.7.2024, 15:46:49 - INFO - Req was made | / 
15.7.2024, 15:46:49 - DEBUG - Getting Toys with filterBy as: | {"txt":"","status":null,"labels":null} 
15.7.2024, 15:47:06 - ERROR - cannot remove toy msg undefined | BSONError: hex string must be 24 characters 
15.7.2024, 15:47:06 - ERROR - Failed to remove toy msg | BSONError: hex string must be 24 characters 
15.7.2024, 15:49:47 - INFO - Req was made | / 
15.7.2024, 15:49:47 - DEBUG - Getting Toys with filterBy as: | {"txt":"","status":null,"labels":null} 
15.7.2024, 15:49:47 - INFO - Req was made | / 
15.7.2024, 15:49:47 - DEBUG - Getting Toys with filterBy as: | {"txt":"","status":null,"labels":null} 
15.7.2024, 15:49:47 - INFO - Req was made | / 
15.7.2024, 15:49:47 - DEBUG - Getting Toys with filterBy as: | {"txt":"","status":null,"labels":null} 
15.7.2024, 15:49:51 - INFO - Req was made | / 
15.7.2024, 15:49:51 - DEBUG - Getting Toys with filterBy as: | {"txt":"","status":null,"labels":null} 
15.7.2024, 15:49:57 - INFO - Req was made | / 
15.7.2024, 15:49:57 - DEBUG - Getting Toys with filterBy as: | {"txt":"","status":null,"labels":null} 
15.7.2024, 15:50:00 - INFO - Req was made | / 
15.7.2024, 15:50:00 - DEBUG - Getting Toys with filterBy as: | {"txt":"","status":null,"labels":null} 
15.7.2024, 15:50:03 - INFO - Req was made | / 
15.7.2024, 15:50:03 - DEBUG - Getting Toys with filterBy as: | {"txt":"","status":null,"labels":null} 
15.7.2024, 15:50:44 - INFO - Req was made | / 
15.7.2024, 15:50:44 - DEBUG - Getting Toys with filterBy as: | {"txt":"","status":null,"labels":null} 
15.7.2024, 15:50:44 - INFO - Req was made | / 
15.7.2024, 15:50:44 - DEBUG - Getting Toys with filterBy as: | {"txt":"","status":null,"labels":null} 
15.7.2024, 15:50:45 - INFO - Req was made | / 
15.7.2024, 15:50:45 - DEBUG - Getting Toys with filterBy as: | {"txt":"","status":null,"labels":null} 
15.7.2024, 15:50:46 - INFO - Req was made | / 
15.7.2024, 15:50:46 - DEBUG - Getting Toys with filterBy as: | {"txt":"","status":null,"labels":null} 
15.7.2024, 15:51:13 - INFO - Req was made | / 
15.7.2024, 15:51:13 - DEBUG - Getting Toys with filterBy as: | {"txt":"","status":null,"labels":null} 
15.7.2024, 15:53:56 - INFO - Req was made | / 
15.7.2024, 15:53:56 - DEBUG - Getting Toys with filterBy as: | {"txt":"","status":null,"labels":null} 
15.7.2024, 15:53:56 - INFO - Req was made | / 
15.7.2024, 15:53:56 - DEBUG - Getting Toys with filterBy as: | {"txt":"","status":null,"labels":null} 
15.7.2024, 15:53:56 - INFO - Req was made | / 
15.7.2024, 15:53:56 - DEBUG - Getting Toys with filterBy as: | {"txt":"","status":null,"labels":null} 
15.7.2024, 15:54:11 - INFO - Req was made | / 
15.7.2024, 15:54:12 - INFO - Req was made | / 
15.7.2024, 15:54:12 - DEBUG - Getting Toys with filterBy as: | {"txt":"","status":null,"labels":null} 
15.7.2024, 15:54:12 - INFO - Req was made | / 
15.7.2024, 15:54:12 - DEBUG - Getting Toys with filterBy as: | {"txt":"","status":null,"labels":null} 
15.7.2024, 15:54:12 - INFO - Req was made | / 
15.7.2024, 15:54:12 - DEBUG - Getting Toys with filterBy as: | {"txt":"","status":null,"labels":null} 
15.7.2024, 15:54:54 - INFO - Req was made | / 
15.7.2024, 15:54:54 - DEBUG - Getting Toys with filterBy as: | {"txt":"","status":null,"labels":null} 
15.7.2024, 15:54:54 - DEBUG - Getting Toys with filterBy as: | {"txt":"","status":null,"labels":null} 
15.7.2024, 15:54:54 - INFO - Req was made | / 
15.7.2024, 15:54:54 - INFO - Req was made | / 
15.7.2024, 15:54:54 - DEBUG - Getting Toys with filterBy as: | {"txt":"","status":null,"labels":null} 
15.7.2024, 16:08:03 - INFO - Req was made | / 
15.7.2024, 16:08:03 - DEBUG - Getting Toys with filterBy as: | {"txt":"","status":null,"labels":null} 
15.7.2024, 16:08:23 - INFO - Req was made | / 
15.7.2024, 16:08:23 - DEBUG - Getting Toys with filterBy as: | {"txt":"","status":null,"labels":null} 
15.7.2024, 16:08:23 - INFO - Req was made | / 
15.7.2024, 16:08:23 - DEBUG - Getting Toys with filterBy as: | {"txt":"","status":null,"labels":null} 
15.7.2024, 16:08:24 - INFO - Req was made | / 
15.7.2024, 16:08:24 - DEBUG - Getting Toys with filterBy as: | {"txt":"","status":null,"labels":null} 
15.7.2024, 16:08:25 - INFO - Req was made | / 
15.7.2024, 16:08:25 - DEBUG - Getting Toys with filterBy as: | {"txt":"","status":null,"labels":null} 
15.7.2024, 16:08:26 - INFO - Req was made | / 
15.7.2024, 16:08:26 - DEBUG - Getting Toys with filterBy as: | {"txt":"","status":null,"labels":null} 
15.7.2024, 16:08:26 - INFO - Req was made | / 
15.7.2024, 16:08:26 - DEBUG - Getting Toys with filterBy as: | {"txt":"","status":null,"labels":null} 
15.7.2024, 16:11:00 - INFO - Req was made | / 
15.7.2024, 16:11:00 - DEBUG - Getting Toys with filterBy as: | {"txt":"","status":null,"labels":null} 
15.7.2024, 16:11:00 - INFO - Req was made | / 
15.7.2024, 16:11:00 - DEBUG - Getting Toys with filterBy as: | {"txt":"","status":null,"labels":null} 
15.7.2024, 16:11:00 - INFO - Req was made | / 
15.7.2024, 16:11:00 - DEBUG - Getting Toys with filterBy as: | {"txt":"","status":null,"labels":null} 
15.7.2024, 16:11:17 - ERROR - cannot remove toy msg undefined | BSONError: hex string must be 24 characters 
15.7.2024, 16:11:17 - ERROR - Failed to remove toy msg | BSONError: hex string must be 24 characters 
15.7.2024, 16:15:04 - INFO - server.js loaded... 
15.7.2024, 16:16:10 - INFO - server.js loaded... 
15.7.2024, 16:16:10 - INFO - Req was made | / 
15.7.2024, 16:16:10 - DEBUG - Getting Toys with filterBy as: | {"txt":"","status":null,"labels":null} 
15.7.2024, 16:16:10 - INFO - Req was made | / 
15.7.2024, 16:16:10 - DEBUG - Getting Toys with filterBy as: | {"txt":"","status":null,"labels":null} 
15.7.2024, 16:16:10 - INFO - Req was made | / 
15.7.2024, 16:16:10 - DEBUG - Getting Toys with filterBy as: | {"txt":"","status":null,"labels":null} 
15.7.2024, 16:16:15 - INFO - Req was made | / 
15.7.2024, 16:16:15 - DEBUG - Getting Toys with filterBy as: | {"txt":"","status":null,"labels":null} 
15.7.2024, 16:16:36 - INFO - Req was made | / 
15.7.2024, 16:16:36 - DEBUG - Getting Toys with filterBy as: | {"txt":"","status":null,"labels":null} 
15.7.2024, 16:16:45 - INFO - Req was made | / 
15.7.2024, 16:16:45 - DEBUG - Getting Toys with filterBy as: | {"txt":"","status":null,"labels":null} 
15.7.2024, 16:16:47 - INFO - Req was made | / 
15.7.2024, 16:16:47 - DEBUG - Getting Toys with filterBy as: | {"txt":"","status":null,"labels":null} 
15.7.2024, 16:17:22 - INFO - Req was made | / 
15.7.2024, 16:17:22 - DEBUG - Getting Toys with filterBy as: | {"txt":"","status":null,"labels":null} 
15.7.2024, 16:17:58 - INFO - Req was made | / 
15.7.2024, 16:17:58 - DEBUG - Getting Toys with filterBy as: | {"txt":"","status":null,"labels":null} 
15.7.2024, 16:17:58 - INFO - Req was made | / 
15.7.2024, 16:17:58 - DEBUG - Getting Toys with filterBy as: | {"txt":"","status":null,"labels":null} 
15.7.2024, 16:17:59 - INFO - Req was made | / 
15.7.2024, 16:17:59 - DEBUG - Getting Toys with filterBy as: | {"txt":"","status":null,"labels":null} 
15.7.2024, 16:18:01 - INFO - Req was made | / 
15.7.2024, 16:18:01 - DEBUG - Getting Toys with filterBy as: | {"txt":"","status":null,"labels":null} 
15.7.2024, 16:18:17 - INFO - Req was made | / 
15.7.2024, 16:18:17 - DEBUG - Getting Toys with filterBy as: | {"txt":"","status":null,"labels":null} 
15.7.2024, 16:18:23 - INFO - Req was made | / 
15.7.2024, 16:18:23 - DEBUG - Getting Toys with filterBy as: | {"txt":"","status":null,"labels":null} 
15.7.2024, 16:19:37 - INFO - server.js loaded... 
15.7.2024, 16:19:37 - INFO - Req was made | / 
15.7.2024, 16:19:37 - DEBUG - Getting Toys with filterBy as: | {"txt":"","status":null,"labels":null} 
15.7.2024, 16:19:37 - INFO - Req was made | / 
15.7.2024, 16:19:37 - DEBUG - Getting Toys with filterBy as: | {"txt":"","status":null,"labels":null} 
15.7.2024, 16:19:37 - INFO - Req was made | / 
15.7.2024, 16:19:37 - DEBUG - Getting Toys with filterBy as: | {"txt":"","status":null,"labels":null} 
15.7.2024, 16:19:40 - INFO - Req was made | / 
15.7.2024, 16:19:40 - DEBUG - Getting Toys with filterBy as: | {"txt":"","status":null,"labels":null} 
15.7.2024, 16:22:24 - INFO - Req was made | / 
15.7.2024, 16:22:24 - DEBUG - Getting Toys with filterBy as: | {"txt":"","status":null,"labels":null} 
15.7.2024, 16:22:29 - INFO - Req was made | / 
15.7.2024, 16:22:29 - DEBUG - Getting Toys with filterBy as: | {"txt":"","status":null,"labels":null} 
15.7.2024, 16:22:29 - INFO - Req was made | / 
15.7.2024, 16:22:29 - DEBUG - Getting Toys with filterBy as: | {"txt":"","status":null,"labels":null} 
15.7.2024, 16:22:29 - INFO - Req was made | / 
15.7.2024, 16:22:29 - DEBUG - Getting Toys with filterBy as: | {"txt":"","status":null,"labels":null} 
15.7.2024, 16:22:32 - INFO - Req was made | / 
15.7.2024, 16:22:32 - DEBUG - Getting Toys with filterBy as: | {"txt":"shi","status":null,"labels":null} 
15.7.2024, 16:22:35 - INFO - Req was made | / 
15.7.2024, 16:22:35 - DEBUG - Getting Toys with filterBy as: | {"txt":"","status":null,"labels":null} 
15.7.2024, 16:22:40 - INFO - Req was made | / 
15.7.2024, 16:22:40 - DEBUG - Getting Toys with filterBy as: | {"txt":"","status":"true","labels":null} 
15.7.2024, 16:22:45 - INFO - Req was made | / 
15.7.2024, 16:22:45 - DEBUG - Getting Toys with filterBy as: | {"txt":"","status":"false","labels":null} 
15.7.2024, 16:22:47 - INFO - Req was made | / 
15.7.2024, 16:22:47 - DEBUG - Getting Toys with filterBy as: | {"txt":"","status":null,"labels":null} 
15.7.2024, 16:23:01 - INFO - Req was made | / 
15.7.2024, 16:23:01 - DEBUG - Getting Toys with filterBy as: | {"txt":"","status":null,"labels":null} 
15.7.2024, 16:23:03 - INFO - Req was made | / 
15.7.2024, 16:23:03 - DEBUG - Getting Toys with filterBy as: | {"txt":"","status":null,"labels":null} 
15.7.2024, 16:23:05 - INFO - Req was made | / 
15.7.2024, 16:23:05 - DEBUG - Getting Toys with filterBy as: | {"txt":"","status":null,"labels":null} 
15.7.2024, 16:23:48 - DEBUG - Getting Toys with filterBy as: | {"txt":"","status":null,"labels":null} 
15.7.2024, 16:23:48 - INFO - Req was made | / 
15.7.2024, 16:23:51 - INFO - Req was made | / 
15.7.2024, 16:23:51 - DEBUG - Getting Toys with filterBy as: | {"txt":"","status":null,"labels":null} 
15.7.2024, 16:23:51 - INFO - Req was made | / 
15.7.2024, 16:23:51 - DEBUG - Getting Toys with filterBy as: | {"txt":"","status":null,"labels":null} 
15.7.2024, 16:23:52 - INFO - Req was made | / 
15.7.2024, 16:23:52 - DEBUG - Getting Toys with filterBy as: | {"txt":"","status":null,"labels":null} 
15.7.2024, 16:23:55 - INFO - Req was made | / 
15.7.2024, 16:23:55 - DEBUG - Getting Toys with filterBy as: | {"txt":"","status":null,"labels":null} 
15.7.2024, 16:23:58 - INFO - Req was made | / 
15.7.2024, 16:23:59 - DEBUG - Getting Toys with filterBy as: | {"txt":"","status":null,"labels":null} 
15.7.2024, 16:28:36 - INFO - Req was made | / 
15.7.2024, 16:28:36 - DEBUG - Getting Toys with filterBy as: | {"txt":"","status":null,"labels":null} 
15.7.2024, 16:29:17 - INFO - Req was made | / 
15.7.2024, 16:29:17 - DEBUG - Getting Toys with filterBy as: | {"txt":"","status":null,"labels":null} 
15.7.2024, 16:29:21 - INFO - Req was made | / 
15.7.2024, 16:29:21 - DEBUG - Getting Toys with filterBy as: | {"txt":"","status":null,"labels":null} 
15.7.2024, 16:29:21 - INFO - Req was made | / 
15.7.2024, 16:29:21 - DEBUG - Getting Toys with filterBy as: | {"txt":"","status":null,"labels":null} 
15.7.2024, 16:29:21 - INFO - Req was made | / 
15.7.2024, 16:29:21 - DEBUG - Getting Toys with filterBy as: | {"txt":"","status":null,"labels":null} 
15.7.2024, 16:29:23 - INFO - Req was made | / 
15.7.2024, 16:29:24 - DEBUG - Getting Toys with filterBy as: | {"txt":"shi","status":null,"labels":null} 
15.7.2024, 16:29:25 - INFO - Req was made | / 
15.7.2024, 16:29:25 - DEBUG - Getting Toys with filterBy as: | {"txt":"","status":null,"labels":null} 
15.7.2024, 16:29:26 - INFO - Req was made | / 
15.7.2024, 16:29:26 - DEBUG - Getting Toys with filterBy as: | {"txt":"mark","status":null,"labels":null} 
15.7.2024, 16:29:28 - INFO - Req was made | / 
15.7.2024, 16:29:28 - DEBUG - Getting Toys with filterBy as: | {"txt":"","status":null,"labels":null} 
15.7.2024, 16:29:30 - DEBUG - Getting Toys with filterBy as: | {"txt":"","status":"true","labels":null} 
15.7.2024, 16:29:30 - INFO - Req was made | / 
15.7.2024, 16:29:32 - INFO - Req was made | / 
15.7.2024, 16:29:32 - DEBUG - Getting Toys with filterBy as: | {"txt":"","status":"false","labels":null} 
15.7.2024, 16:29:34 - INFO - Req was made | / 
15.7.2024, 16:29:34 - DEBUG - Getting Toys with filterBy as: | {"txt":"","status":null,"labels":null} 
15.7.2024, 18:06:40 - INFO - server.js loaded... 
15.7.2024, 18:07:37 - INFO - server.js loaded... 
15.7.2024, 18:15:13 - INFO - server.js loaded... 
15.7.2024, 18:15:34 - INFO - server.js loaded... 
15.7.2024, 18:16:18 - INFO - server.js loaded... 
